<?xml version="1.0"?>
<!--
  ~ Copyright (c) 2022, Oracle and/or its affiliates.
  ~
  ~ Licensed under the Universal Permissive License v 1.0 as shown at
  ~ https://oss.oracle.com/licenses/upl.
  -->
<coherence xmlns:xsi="http://www.w3.org/2001/XMLSchema-instance"
           xmlns="http://xmlns.oracle.com/coherence/coherence-operational-config"
           xmlns:oci="class://com.oracle.coherence.oci.config.OCINamespaceHandler"
           xsi:schemaLocation="http://xmlns.oracle.com/coherence/coherence-operational-config coherence-operational-config.xsd
                                class://com.oracle.coherence.oci.config.OCINamespaceHandler coherence-oci.xsd">

  <cluster-config>
    <resources>
      <resource id="default-auth">
        <oci:oci-config-file/>
      </resource>
      <resource id="auth-one">
        <oci:oci-config-file>
          <oci:file-name>/oci/my-config-one</oci:file-name>
          <oci:profile-name>testing-one</oci:profile-name>
        </oci:oci-config-file>
      </resource>
      <resource id="auth-two">
        <oci:oci-config-file>
          <oci:file-name>/oci/my-config-two</oci:file-name>
        </oci:oci-config-file>
      </resource>
      <resource id="auth-three">
        <oci:oci-config-file>
          <oci:profile-name>testing-three</oci:profile-name>
        </oci:oci-config-file>
      </resource>
      <resource id="auth-four">
          <class-factory-name>com.oracle.coherence.oci.config.CustomAuthFactory</class-factory-name>
          <method-name>build</method-name>
      </resource>
    </resources>
  </cluster-config>

</coherence>
